/*C122*/SET SCHEMA PUBLIC
DISCONNECT
/*C123*/SET SCHEMA PUBLIC
DISCONNECT
/*C124*/SET SCHEMA PUBLIC
DISCONNECT
/*C125*/SET SCHEMA PUBLIC
DISCONNECT
/*C126*/SET SCHEMA PUBLIC
DISCONNECT
/*C127*/SET SCHEMA PUBLIC
INSERT INTO MESSAGE VALUES(45,0,36,NULL,NULL,NULL,NULL,NULL,NULL)
COMMIT
DISCONNECT
/*C1*/SET SCHEMA SYSTEM_LOBS
INSERT INTO LOB_IDS VALUES(46,6,0,30)
ALTER SEQUENCE SYSTEM_LOBS.LOB_ID RESTART WITH 47
COMMIT
DELETE FROM BLOCKS WHERE BLOCK_ADDR=45
INSERT INTO BLOCKS VALUES(45,1,0)
INSERT INTO BLOCKS VALUES(46,2147483601,0)
DELETE FROM BLOCKS WHERE BLOCK_ADDR=45
INSERT INTO LOBS VALUES(45,1,0,46)
COMMIT
/*C128*/SET SCHEMA PUBLIC
DELETE FROM MESSAGE WHERE LOCALID=45
INSERT INTO MESSAGE VALUES(45,0,36,1478864277042,1,'sender=36\u000aid=362\u000a',0,'',46)
SET SCHEMA SYSTEM_LOBS
DELETE FROM LOB_IDS WHERE LOB_ID=46
INSERT INTO LOB_IDS VALUES(46,6,1,30)
COMMIT
SET SCHEMA PUBLIC
DISCONNECT
/*C129*/SET SCHEMA PUBLIC
DELETE FROM CHAT WHERE CHATTYPE=0 AND RECIPIENTID=36
INSERT INTO CHAT VALUES(0,36,1478827248005,1)
COMMIT
DISCONNECT
/*C130*/SET SCHEMA PUBLIC
DELETE FROM CHAT WHERE CHATTYPE=0 AND RECIPIENTID=36
INSERT INTO CHAT VALUES(0,36,1478827248005,0)
COMMIT
DISCONNECT
/*C131*/SET SCHEMA PUBLIC
INSERT INTO MESSAGE VALUES(46,0,36,NULL,NULL,NULL,NULL,NULL,NULL)
COMMIT
DISCONNECT
/*C1*/INSERT INTO LOB_IDS VALUES(47,6,0,30)
ALTER SEQUENCE SYSTEM_LOBS.LOB_ID RESTART WITH 48
COMMIT
DELETE FROM BLOCKS WHERE BLOCK_ADDR=46
INSERT INTO BLOCKS VALUES(46,1,0)
INSERT INTO BLOCKS VALUES(47,2147483600,0)
DELETE FROM BLOCKS WHERE BLOCK_ADDR=46
INSERT INTO LOBS VALUES(46,1,0,47)
COMMIT
/*C132*/SET SCHEMA PUBLIC
DELETE FROM MESSAGE WHERE LOCALID=46
INSERT INTO MESSAGE VALUES(46,0,36,1478864288998,1,'sender=39\u000aid=364\u000a',0,'',47)
SET SCHEMA SYSTEM_LOBS
DELETE FROM LOB_IDS WHERE LOB_ID=47
INSERT INTO LOB_IDS VALUES(47,6,1,30)
COMMIT
SET SCHEMA PUBLIC
DISCONNECT
/*C133*/SET SCHEMA PUBLIC
DELETE FROM CHAT WHERE CHATTYPE=0 AND RECIPIENTID=36
INSERT INTO CHAT VALUES(0,36,1478827248005,0)
COMMIT
DISCONNECT
/*C134*/SET SCHEMA PUBLIC
INSERT INTO MESSAGE VALUES(47,0,36,NULL,NULL,NULL,NULL,NULL,NULL)
COMMIT
DISCONNECT
/*C1*/INSERT INTO LOB_IDS VALUES(48,8,0,30)
ALTER SEQUENCE SYSTEM_LOBS.LOB_ID RESTART WITH 49
COMMIT
DELETE FROM BLOCKS WHERE BLOCK_ADDR=47
INSERT INTO BLOCKS VALUES(47,1,0)
INSERT INTO BLOCKS VALUES(48,2147483599,0)
DELETE FROM BLOCKS WHERE BLOCK_ADDR=47
INSERT INTO LOBS VALUES(47,1,0,48)
COMMIT
/*C135*/SET SCHEMA PUBLIC
DELETE FROM MESSAGE WHERE LOCALID=47
INSERT INTO MESSAGE VALUES(47,0,36,1478864296036,1,'sender=39\u000aid=365\u000a',0,'',48)
SET SCHEMA SYSTEM_LOBS
DELETE FROM LOB_IDS WHERE LOB_ID=48
INSERT INTO LOB_IDS VALUES(48,8,1,30)
COMMIT
SET SCHEMA PUBLIC
DISCONNECT
/*C136*/SET SCHEMA PUBLIC
DELETE FROM CHAT WHERE CHATTYPE=0 AND RECIPIENTID=36
INSERT INTO CHAT VALUES(0,36,1478827248005,0)
COMMIT
DISCONNECT
/*C137*/SET SCHEMA PUBLIC
INSERT INTO MESSAGE VALUES(48,0,36,NULL,NULL,NULL,NULL,NULL,NULL)
COMMIT
DISCONNECT
/*C1*/INSERT INTO LOB_IDS VALUES(49,8,0,30)
ALTER SEQUENCE SYSTEM_LOBS.LOB_ID RESTART WITH 50
COMMIT
DELETE FROM BLOCKS WHERE BLOCK_ADDR=48
INSERT INTO BLOCKS VALUES(48,1,0)
INSERT INTO BLOCKS VALUES(49,2147483598,0)
DELETE FROM BLOCKS WHERE BLOCK_ADDR=48
INSERT INTO LOBS VALUES(48,1,0,49)
COMMIT
/*C138*/SET SCHEMA PUBLIC
DELETE FROM MESSAGE WHERE LOCALID=48
INSERT INTO MESSAGE VALUES(48,0,36,1478864307895,1,'sender=39\u000aid=366\u000a',0,'',49)
SET SCHEMA SYSTEM_LOBS
DELETE FROM LOB_IDS WHERE LOB_ID=49
INSERT INTO LOB_IDS VALUES(49,8,1,30)
COMMIT
SET SCHEMA PUBLIC
DISCONNECT
/*C139*/SET SCHEMA PUBLIC
DELETE FROM CHAT WHERE CHATTYPE=0 AND RECIPIENTID=36
INSERT INTO CHAT VALUES(0,36,1478827248005,0)
COMMIT
DISCONNECT
