/*C8*/SET SCHEMA PUBLIC
DISCONNECT
/*C9*/SET SCHEMA PUBLIC
DISCONNECT
/*C10*/SET SCHEMA PUBLIC
DISCONNECT
/*C11*/SET SCHEMA PUBLIC
DISCONNECT
/*C12*/SET SCHEMA PUBLIC
DISCONNECT
/*C13*/SET SCHEMA PUBLIC
DISCONNECT
/*C14*/SET SCHEMA PUBLIC
INSERT INTO MESSAGE VALUES(45,0,49,NULL,NULL,NULL,NULL,NULL,NULL)
COMMIT
DISCONNECT
/*C1*/SET SCHEMA SYSTEM_LOBS
INSERT INTO LOB_IDS VALUES(41,8,0,30)
ALTER SEQUENCE SYSTEM_LOBS.LOB_ID RESTART WITH 42
COMMIT
DELETE FROM BLOCKS WHERE BLOCK_ADDR=40
INSERT INTO BLOCKS VALUES(40,1,0)
INSERT INTO BLOCKS VALUES(41,2147483606,0)
DELETE FROM BLOCKS WHERE BLOCK_ADDR=40
INSERT INTO LOBS VALUES(40,1,0,41)
COMMIT
/*C15*/SET SCHEMA PUBLIC
DELETE FROM MESSAGE WHERE LOCALID=45
INSERT INTO MESSAGE VALUES(45,0,49,1478940542425,1,'sender=36\u000aid=434\u000a',0,'',41)
SET SCHEMA SYSTEM_LOBS
DELETE FROM LOB_IDS WHERE LOB_ID=41
INSERT INTO LOB_IDS VALUES(41,8,1,30)
COMMIT
SET SCHEMA PUBLIC
DISCONNECT
/*C16*/SET SCHEMA PUBLIC
DELETE FROM CHAT WHERE CHATTYPE=0 AND RECIPIENTID=49
INSERT INTO CHAT VALUES(0,49,1478940542425,0)
COMMIT
DISCONNECT
/*C17*/SET SCHEMA PUBLIC
INSERT INTO MESSAGE VALUES(46,0,49,NULL,NULL,NULL,NULL,NULL,NULL)
COMMIT
DISCONNECT
/*C1*/INSERT INTO LOB_IDS VALUES(42,8,0,30)
ALTER SEQUENCE SYSTEM_LOBS.LOB_ID RESTART WITH 43
COMMIT
DELETE FROM BLOCKS WHERE BLOCK_ADDR=41
INSERT INTO BLOCKS VALUES(41,1,0)
INSERT INTO BLOCKS VALUES(42,2147483605,0)
DELETE FROM BLOCKS WHERE BLOCK_ADDR=41
INSERT INTO LOBS VALUES(41,1,0,42)
COMMIT
/*C18*/SET SCHEMA PUBLIC
DELETE FROM MESSAGE WHERE LOCALID=46
INSERT INTO MESSAGE VALUES(46,0,49,1478940544524,1,'sender=36\u000aid=435\u000a',0,'',42)
SET SCHEMA SYSTEM_LOBS
DELETE FROM LOB_IDS WHERE LOB_ID=42
INSERT INTO LOB_IDS VALUES(42,8,1,30)
COMMIT
SET SCHEMA PUBLIC
DISCONNECT
/*C19*/SET SCHEMA PUBLIC
DELETE FROM CHAT WHERE CHATTYPE=0 AND RECIPIENTID=49
INSERT INTO CHAT VALUES(0,49,1478940544524,0)
COMMIT
DISCONNECT
/*C20*/SET SCHEMA PUBLIC
INSERT INTO MESSAGE VALUES(47,0,49,NULL,NULL,NULL,NULL,NULL,NULL)
COMMIT
DISCONNECT
/*C1*/INSERT INTO LOB_IDS VALUES(43,8,0,30)
ALTER SEQUENCE SYSTEM_LOBS.LOB_ID RESTART WITH 44
COMMIT
DELETE FROM BLOCKS WHERE BLOCK_ADDR=42
INSERT INTO BLOCKS VALUES(42,1,0)
INSERT INTO BLOCKS VALUES(43,2147483604,0)
DELETE FROM BLOCKS WHERE BLOCK_ADDR=42
INSERT INTO LOBS VALUES(42,1,0,43)
COMMIT
/*C21*/SET SCHEMA PUBLIC
DELETE FROM MESSAGE WHERE LOCALID=47
INSERT INTO MESSAGE VALUES(47,0,49,1478940547052,1,'sender=36\u000aid=436\u000a',0,'',43)
SET SCHEMA SYSTEM_LOBS
DELETE FROM LOB_IDS WHERE LOB_ID=43
INSERT INTO LOB_IDS VALUES(43,8,1,30)
COMMIT
SET SCHEMA PUBLIC
DISCONNECT
/*C22*/SET SCHEMA PUBLIC
DELETE FROM CHAT WHERE CHATTYPE=0 AND RECIPIENTID=49
INSERT INTO CHAT VALUES(0,49,1478940547052,0)
COMMIT
DISCONNECT
/*C23*/SET SCHEMA PUBLIC
INSERT INTO MESSAGE VALUES(48,0,49,NULL,NULL,NULL,NULL,NULL,NULL)
COMMIT
DISCONNECT
/*C1*/INSERT INTO LOB_IDS VALUES(44,8,0,30)
ALTER SEQUENCE SYSTEM_LOBS.LOB_ID RESTART WITH 45
COMMIT
DELETE FROM BLOCKS WHERE BLOCK_ADDR=43
INSERT INTO BLOCKS VALUES(43,1,0)
INSERT INTO BLOCKS VALUES(44,2147483603,0)
DELETE FROM BLOCKS WHERE BLOCK_ADDR=43
INSERT INTO LOBS VALUES(43,1,0,44)
COMMIT
/*C24*/SET SCHEMA PUBLIC
DELETE FROM MESSAGE WHERE LOCALID=48
INSERT INTO MESSAGE VALUES(48,0,49,1478940552640,1,'sender=36\u000aid=437\u000a',0,'',44)
SET SCHEMA SYSTEM_LOBS
DELETE FROM LOB_IDS WHERE LOB_ID=44
INSERT INTO LOB_IDS VALUES(44,8,1,30)
COMMIT
SET SCHEMA PUBLIC
DISCONNECT
/*C25*/SET SCHEMA PUBLIC
DELETE FROM CHAT WHERE CHATTYPE=0 AND RECIPIENTID=49
INSERT INTO CHAT VALUES(0,49,1478940552640,0)
COMMIT
DISCONNECT
